Compilazione avviata 17/04/2015 11:29:17.
     1>Progetto "C:\Users\Pascu\documents\visual studio 2012\Projects\CurveMatematiche\CurveMatematiche\CurveMatematiche.vcxproj" sul nodo 2 (destinazioni: Build).
     1>ClCompile:
         C:\Program Files (x86)\Microsoft Visual Studio 12.0\VC\bin\CL.exe /c /ZI /nologo /W3 /WX- /sdl /Od /Oy- /D WIN32 /D _DEBUG /D _CONSOLE /D _UNICODE /D UNICODE /Gm /EHsc /RTC1 /MDd /GS /fp:precise /Zc:wchar_t /Zc:forScope /Fo"Debug\\" /Fd"Debug\vc110.pdb" /Gd /TP /analyze- /errorReport:prompt Main.cpp
         Main.cpp
     1>c:\users\pascu\documents\visual studio 2012\projects\curvematematiche\curvematematiche\main.cpp(125): warning C4018: '<': errata corrispondenza tra signed e unsigned
     1>c:\users\pascu\documents\visual studio 2012\projects\curvematematiche\curvematematiche\main.cpp(221): warning C4018: '<': errata corrispondenza tra signed e unsigned
     1>c:\users\pascu\documents\visual studio 2012\projects\curvematematiche\curvematematiche\main.cpp(233): warning C4018: '<': errata corrispondenza tra signed e unsigned
     1>c:\users\pascu\documents\visual studio 2012\projects\curvematematiche\curvematematiche\main.cpp(238): warning C4018: '<': errata corrispondenza tra signed e unsigned
     1>c:\users\pascu\documents\visual studio 2012\projects\curvematematiche\curvematematiche\main.cpp(392): warning C4018: '<': errata corrispondenza tra signed e unsigned
     1>c:\users\pascu\documents\visual studio 2012\projects\curvematematiche\curvematematiche\main.cpp(398): warning C4018: '<=': errata corrispondenza tra signed e unsigned
     1>c:\users\pascu\documents\visual studio 2012\projects\curvematematiche\curvematematiche\main.cpp(399): warning C4018: '<': errata corrispondenza tra signed e unsigned
     1>c:\users\pascu\documents\visual studio 2012\projects\curvematematiche\curvematematiche\main.cpp(411): warning C4018: '<': errata corrispondenza tra signed e unsigned
     1>c:\users\pascu\documents\visual studio 2012\projects\curvematematiche\curvematematiche\main.cpp(416): warning C4018: '<': errata corrispondenza tra signed e unsigned
     1>c:\users\pascu\documents\visual studio 2012\projects\curvematematiche\curvematematiche\main.cpp(439): warning C4018: '<': errata corrispondenza tra signed e unsigned
     1>c:\users\pascu\documents\visual studio 2012\projects\curvematematiche\curvematematiche\main.cpp(447): warning C4018: '<=': errata corrispondenza tra signed e unsigned
     1>c:\users\pascu\documents\visual studio 2012\projects\curvematematiche\curvematematiche\main.cpp(448): warning C4018: '<': errata corrispondenza tra signed e unsigned
     1>c:\users\pascu\documents\visual studio 2012\projects\curvematematiche\curvematematiche\main.cpp(490): warning C4018: '<': errata corrispondenza tra signed e unsigned
     1>c:\users\pascu\documents\visual studio 2012\projects\curvematematiche\curvematematiche\main.cpp(492): warning C4018: '<': errata corrispondenza tra signed e unsigned
     1>c:\users\pascu\documents\visual studio 2012\projects\curvematematiche\curvematematiche\main.cpp(500): warning C4018: '<': errata corrispondenza tra signed e unsigned
     1>c:\users\pascu\documents\visual studio 2012\projects\curvematematiche\curvematematiche\main.cpp(509): warning C4018: '<': errata corrispondenza tra signed e unsigned
     1>c:\users\pascu\documents\visual studio 2012\projects\curvematematiche\curvematematiche\main.cpp(578): warning C4018: '<': errata corrispondenza tra signed e unsigned
     1>c:\users\pascu\documents\visual studio 2012\projects\curvematematiche\curvematematiche\main.cpp(583): warning C4018: '<': errata corrispondenza tra signed e unsigned
     1>c:\users\pascu\documents\visual studio 2012\projects\curvematematiche\curvematematiche\main.cpp(659): warning C4018: '<': errata corrispondenza tra signed e unsigned
     1>c:\users\pascu\documents\visual studio 2012\projects\curvematematiche\curvematematiche\main.cpp(683): warning C4018: '<': errata corrispondenza tra signed e unsigned
     1>c:\users\pascu\documents\visual studio 2012\projects\curvematematiche\curvematematiche\main.cpp(689): warning C4018: '<': errata corrispondenza tra signed e unsigned
     1>c:\users\pascu\documents\visual studio 2012\projects\curvematematiche\curvematematiche\main.cpp(730): warning C4018: '<': errata corrispondenza tra signed e unsigned
     1>c:\users\pascu\documents\visual studio 2012\projects\curvematematiche\curvematematiche\main.cpp(792): warning C4018: '<': errata corrispondenza tra signed e unsigned
     1>c:\users\pascu\documents\visual studio 2012\projects\curvematematiche\curvematematiche\main.cpp(835): warning C4018: '>': errata corrispondenza tra signed e unsigned
     1>c:\users\pascu\documents\visual studio 2012\projects\curvematematiche\curvematematiche\main.cpp(843): warning C4018: '<': errata corrispondenza tra signed e unsigned
     1>c:\users\pascu\documents\visual studio 2012\projects\curvematematiche\curvematematiche\main.cpp(854): warning C4018: '<': errata corrispondenza tra signed e unsigned
     1>c:\users\pascu\documents\visual studio 2012\projects\curvematematiche\curvematematiche\main.cpp(872): warning C4018: '<': errata corrispondenza tra signed e unsigned
     1>c:\users\pascu\documents\visual studio 2012\projects\curvematematiche\curvematematiche\main.cpp(930): warning C4018: '>=': errata corrispondenza tra signed e unsigned
     1>c:\users\pascu\documents\visual studio 2012\projects\curvematematiche\curvematematiche\main.cpp(279): warning C4715: 'DX': non tutti i percorsi di controllo restituiscono un valore
     1>c:\users\pascu\documents\visual studio 2012\projects\curvematematiche\curvematematiche\main.cpp(293): warning C4715: 'DY': non tutti i percorsi di controllo restituiscono un valore
       Link:
         C:\Program Files (x86)\Microsoft Visual Studio 12.0\VC\bin\link.exe /ERRORREPORT:PROMPT /OUT:"C:\Users\Pascu\documents\visual studio 2012\Projects\CurveMatematiche\Debug\CurveMatematiche.exe" /INCREMENTAL /NOLOGO kernel32.lib user32.lib gdi32.lib winspool.lib comdlg32.lib advapi32.lib shell32.lib ole32.lib oleaut32.lib uuid.lib odbc32.lib odbccp32.lib /MANIFEST /MANIFESTUAC:"level='asInvoker' uiAccess='false'" /manifest:embed /DEBUG /PDB:"C:\Users\Pascu\documents\visual studio 2012\Projects\CurveMatematiche\Debug\CurveMatematiche.pdb" /SUBSYSTEM:CONSOLE /TLBID:1 /DYNAMICBASE /NXCOMPAT /IMPLIB:"C:\Users\Pascu\documents\visual studio 2012\Projects\CurveMatematiche\Debug\CurveMatematiche.lib" /MACHINE:X86 Debug\Main.obj
     1>glui32.lib(algebra3.obj) : warning LNK4099: impossibile trovare il PDB '_glui library.pdb' con 'glui32.lib(algebra3.obj)' o in 'C:\Users\Pascu\documents\visual studio 2012\Projects\CurveMatematiche\Debug\_glui library.pdb'; oggetto collegato senza informazioni di debug
     1>glui32.lib(arcball.obj) : warning LNK4099: impossibile trovare il PDB '_glui library.pdb' con 'glui32.lib(arcball.obj)' o in 'C:\Users\Pascu\documents\visual studio 2012\Projects\CurveMatematiche\Debug\_glui library.pdb'; oggetto collegato senza informazioni di debug
     1>glui32.lib(glui.obj) : warning LNK4099: impossibile trovare il PDB '_glui library.pdb' con 'glui32.lib(glui.obj)' o in 'C:\Users\Pascu\documents\visual studio 2012\Projects\CurveMatematiche\Debug\_glui library.pdb'; oggetto collegato senza informazioni di debug
     1>glui32.lib(glui_add_controls.obj) : warning LNK4099: impossibile trovare il PDB '_glui library.pdb' con 'glui32.lib(glui_add_controls.obj)' o in 'C:\Users\Pascu\documents\visual studio 2012\Projects\CurveMatematiche\Debug\_glui library.pdb'; oggetto collegato senza informazioni di debug
     1>glui32.lib(glui_bitmap_img_data.obj) : warning LNK4099: impossibile trovare il PDB '_glui library.pdb' con 'glui32.lib(glui_bitmap_img_data.obj)' o in 'C:\Users\Pascu\documents\visual studio 2012\Projects\CurveMatematiche\Debug\_glui library.pdb'; oggetto collegato senza informazioni di debug
     1>glui32.lib(glui_bitmaps.obj) : warning LNK4099: impossibile trovare il PDB '_glui library.pdb' con 'glui32.lib(glui_bitmaps.obj)' o in 'C:\Users\Pascu\documents\visual studio 2012\Projects\CurveMatematiche\Debug\_glui library.pdb'; oggetto collegato senza informazioni di debug
     1>glui32.lib(glui_button.obj) : warning LNK4099: impossibile trovare il PDB '_glui library.pdb' con 'glui32.lib(glui_button.obj)' o in 'C:\Users\Pascu\documents\visual studio 2012\Projects\CurveMatematiche\Debug\_glui library.pdb'; oggetto collegato senza informazioni di debug
     1>glui32.lib(glui_checkbox.obj) : warning LNK4099: impossibile trovare il PDB '_glui library.pdb' con 'glui32.lib(glui_checkbox.obj)' o in 'C:\Users\Pascu\documents\visual studio 2012\Projects\CurveMatematiche\Debug\_glui library.pdb'; oggetto collegato senza informazioni di debug
     1>glui32.lib(glui_column.obj) : warning LNK4099: impossibile trovare il PDB '_glui library.pdb' con 'glui32.lib(glui_column.obj)' o in 'C:\Users\Pascu\documents\visual studio 2012\Projects\CurveMatematiche\Debug\_glui library.pdb'; oggetto collegato senza informazioni di debug
     1>glui32.lib(glui_control.obj) : warning LNK4099: impossibile trovare il PDB '_glui library.pdb' con 'glui32.lib(glui_control.obj)' o in 'C:\Users\Pascu\documents\visual studio 2012\Projects\CurveMatematiche\Debug\_glui library.pdb'; oggetto collegato senza informazioni di debug
     1>glui32.lib(glui_edittext.obj) : warning LNK4099: impossibile trovare il PDB '_glui library.pdb' con 'glui32.lib(glui_edittext.obj)' o in 'C:\Users\Pascu\documents\visual studio 2012\Projects\CurveMatematiche\Debug\_glui library.pdb'; oggetto collegato senza informazioni di debug
     1>glui32.lib(glui_listbox.obj) : warning LNK4099: impossibile trovare il PDB '_glui library.pdb' con 'glui32.lib(glui_listbox.obj)' o in 'C:\Users\Pascu\documents\visual studio 2012\Projects\CurveMatematiche\Debug\_glui library.pdb'; oggetto collegato senza informazioni di debug
     1>glui32.lib(glui_mouse_iaction.obj) : warning LNK4099: impossibile trovare il PDB '_glui library.pdb' con 'glui32.lib(glui_mouse_iaction.obj)' o in 'C:\Users\Pascu\documents\visual studio 2012\Projects\CurveMatematiche\Debug\_glui library.pdb'; oggetto collegato senza informazioni di debug
     1>glui32.lib(glui_node.obj) : warning LNK4099: impossibile trovare il PDB '_glui library.pdb' con 'glui32.lib(glui_node.obj)' o in 'C:\Users\Pascu\documents\visual studio 2012\Projects\CurveMatematiche\Debug\_glui library.pdb'; oggetto collegato senza informazioni di debug
     1>glui32.lib(glui_panel.obj) : warning LNK4099: impossibile trovare il PDB '_glui library.pdb' con 'glui32.lib(glui_panel.obj)' o in 'C:\Users\Pascu\documents\visual studio 2012\Projects\CurveMatematiche\Debug\_glui library.pdb'; oggetto collegato senza informazioni di debug
     1>glui32.lib(glui_radio.obj) : warning LNK4099: impossibile trovare il PDB '_glui library.pdb' con 'glui32.lib(glui_radio.obj)' o in 'C:\Users\Pascu\documents\visual studio 2012\Projects\CurveMatematiche\Debug\_glui library.pdb'; oggetto collegato senza informazioni di debug
     1>glui32.lib(glui_rollout.obj) : warning LNK4099: impossibile trovare il PDB '_glui library.pdb' con 'glui32.lib(glui_rollout.obj)' o in 'C:\Users\Pascu\documents\visual studio 2012\Projects\CurveMatematiche\Debug\_glui library.pdb'; oggetto collegato senza informazioni di debug
     1>glui32.lib(glui_rotation.obj) : warning LNK4099: impossibile trovare il PDB '_glui library.pdb' con 'glui32.lib(glui_rotation.obj)' o in 'C:\Users\Pascu\documents\visual studio 2012\Projects\CurveMatematiche\Debug\_glui library.pdb'; oggetto collegato senza informazioni di debug
     1>glui32.lib(glui_separator.obj) : warning LNK4099: impossibile trovare il PDB '_glui library.pdb' con 'glui32.lib(glui_separator.obj)' o in 'C:\Users\Pascu\documents\visual studio 2012\Projects\CurveMatematiche\Debug\_glui library.pdb'; oggetto collegato senza informazioni di debug
     1>glui32.lib(glui_spinner.obj) : warning LNK4099: impossibile trovare il PDB '_glui library.pdb' con 'glui32.lib(glui_spinner.obj)' o in 'C:\Users\Pascu\documents\visual studio 2012\Projects\CurveMatematiche\Debug\_glui library.pdb'; oggetto collegato senza informazioni di debug
     1>glui32.lib(glui_statictext.obj) : warning LNK4099: impossibile trovare il PDB '_glui library.pdb' con 'glui32.lib(glui_statictext.obj)' o in 'C:\Users\Pascu\documents\visual studio 2012\Projects\CurveMatematiche\Debug\_glui library.pdb'; oggetto collegato senza informazioni di debug
     1>glui32.lib(glui_string.obj) : warning LNK4099: impossibile trovare il PDB '_glui library.pdb' con 'glui32.lib(glui_string.obj)' o in 'C:\Users\Pascu\documents\visual studio 2012\Projects\CurveMatematiche\Debug\_glui library.pdb'; oggetto collegato senza informazioni di debug
     1>glui32.lib(glui_translation.obj) : warning LNK4099: impossibile trovare il PDB '_glui library.pdb' con 'glui32.lib(glui_translation.obj)' o in 'C:\Users\Pascu\documents\visual studio 2012\Projects\CurveMatematiche\Debug\_glui library.pdb'; oggetto collegato senza informazioni di debug
     1>glui32.lib(glui_window.obj) : warning LNK4099: impossibile trovare il PDB '_glui library.pdb' con 'glui32.lib(glui_window.obj)' o in 'C:\Users\Pascu\documents\visual studio 2012\Projects\CurveMatematiche\Debug\_glui library.pdb'; oggetto collegato senza informazioni di debug
     1>glui32.lib(quaternion.obj) : warning LNK4099: impossibile trovare il PDB '_glui library.pdb' con 'glui32.lib(quaternion.obj)' o in 'C:\Users\Pascu\documents\visual studio 2012\Projects\CurveMatematiche\Debug\_glui library.pdb'; oggetto collegato senza informazioni di debug
         CurveMatematiche.vcxproj -> C:\Users\Pascu\documents\visual studio 2012\Projects\CurveMatematiche\Debug\CurveMatematiche.exe
     1>Compilazione progetto "C:\Users\Pascu\documents\visual studio 2012\Projects\CurveMatematiche\CurveMatematiche\CurveMatematiche.vcxproj" (destinazioni: Build) completata.

Compilazione completata.

Tempo trascorso 00:00:02.08
