C:\USERS\PASCU\DOCUMENTS\VISUAL STUDIO 2012\PROJECTS\CURVEMATEMATICHE\CURVEMATEMATICHE\DEBUG\MAIN.OBJ
C:\USERS\PASCU\DOCUMENTS\VISUAL STUDIO 2012\PROJECTS\CURVEMATEMATICHE\CURVEMATEMATICHE\DEBUG\VC110.PDB
C:\USERS\PASCU\DOCUMENTS\VISUAL STUDIO 2012\PROJECTS\CURVEMATEMATICHE\DEBUG\CURVEMATEMATICHE.ILK
C:\USERS\PASCU\DOCUMENTS\VISUAL STUDIO 2012\PROJECTS\CURVEMATEMATICHE\DEBUG\CURVEMATEMATICHE.EXE
C:\USERS\PASCU\DOCUMENTS\VISUAL STUDIO 2012\PROJECTS\CURVEMATEMATICHE\DEBUG\CURVEMATEMATICHE.PDB
C:\Users\Pascu\documents\visual studio 2012\Projects\CurveMatematiche\CurveMatematiche\Debug\Main.obj
C:\Users\Pascu\documents\visual studio 2012\Projects\CurveMatematiche\CurveMatematiche\Debug\cl.command.1.tlog
C:\Users\Pascu\documents\visual studio 2012\Projects\CurveMatematiche\CurveMatematiche\Debug\CL.read.1.tlog
C:\Users\Pascu\documents\visual studio 2012\Projects\CurveMatematiche\CurveMatematiche\Debug\CL.write.1.tlog
C:\Users\Pascu\documents\visual studio 2012\Projects\CurveMatematiche\CurveMatematiche\Debug\link-cvtres.read.1.tlog
C:\Users\Pascu\documents\visual studio 2012\Projects\CurveMatematiche\CurveMatematiche\Debug\link-cvtres.write.1.tlog
C:\Users\Pascu\documents\visual studio 2012\Projects\CurveMatematiche\CurveMatematiche\Debug\link-rc.read.1.tlog
C:\Users\Pascu\documents\visual studio 2012\Projects\CurveMatematiche\CurveMatematiche\Debug\link-rc.write.1.tlog
C:\Users\Pascu\documents\visual studio 2012\Projects\CurveMatematiche\CurveMatematiche\Debug\link.1204-cvtres.read.1.tlog
C:\Users\Pascu\documents\visual studio 2012\Projects\CurveMatematiche\CurveMatematiche\Debug\link.1204-cvtres.write.1.tlog
C:\Users\Pascu\documents\visual studio 2012\Projects\CurveMatematiche\CurveMatematiche\Debug\link.1204-rc.read.1.tlog
C:\Users\Pascu\documents\visual studio 2012\Projects\CurveMatematiche\CurveMatematiche\Debug\link.1204-rc.write.1.tlog
C:\Users\Pascu\documents\visual studio 2012\Projects\CurveMatematiche\CurveMatematiche\Debug\link.1204.read.1.tlog
C:\Users\Pascu\documents\visual studio 2012\Projects\CurveMatematiche\CurveMatematiche\Debug\link.1204.read.2.tlog
C:\Users\Pascu\documents\visual studio 2012\Projects\CurveMatematiche\CurveMatematiche\Debug\link.1204.write.1.tlog
C:\Users\Pascu\documents\visual studio 2012\Projects\CurveMatematiche\CurveMatematiche\Debug\link.3224-cvtres.read.1.tlog
C:\Users\Pascu\documents\visual studio 2012\Projects\CurveMatematiche\CurveMatematiche\Debug\link.3224-cvtres.write.1.tlog
C:\Users\Pascu\documents\visual studio 2012\Projects\CurveMatematiche\CurveMatematiche\Debug\link.3224-rc.read.1.tlog
C:\Users\Pascu\documents\visual studio 2012\Projects\CurveMatematiche\CurveMatematiche\Debug\link.3224-rc.write.1.tlog
C:\Users\Pascu\documents\visual studio 2012\Projects\CurveMatematiche\CurveMatematiche\Debug\link.3224.read.1.tlog
C:\Users\Pascu\documents\visual studio 2012\Projects\CurveMatematiche\CurveMatematiche\Debug\link.3224.read.2.tlog
C:\Users\Pascu\documents\visual studio 2012\Projects\CurveMatematiche\CurveMatematiche\Debug\link.3224.write.1.tlog
C:\Users\Pascu\documents\visual studio 2012\Projects\CurveMatematiche\CurveMatematiche\Debug\link.3576-cvtres.read.1.tlog
C:\Users\Pascu\documents\visual studio 2012\Projects\CurveMatematiche\CurveMatematiche\Debug\link.3576-cvtres.write.1.tlog
C:\Users\Pascu\documents\visual studio 2012\Projects\CurveMatematiche\CurveMatematiche\Debug\link.3576-rc.read.1.tlog
C:\Users\Pascu\documents\visual studio 2012\Projects\CurveMatematiche\CurveMatematiche\Debug\link.3576-rc.write.1.tlog
C:\Users\Pascu\documents\visual studio 2012\Projects\CurveMatematiche\CurveMatematiche\Debug\link.3576.read.1.tlog
C:\Users\Pascu\documents\visual studio 2012\Projects\CurveMatematiche\CurveMatematiche\Debug\link.3576.read.2.tlog
C:\Users\Pascu\documents\visual studio 2012\Projects\CurveMatematiche\CurveMatematiche\Debug\link.3576.write.1.tlog
C:\Users\Pascu\documents\visual studio 2012\Projects\CurveMatematiche\CurveMatematiche\Debug\link.3648-cvtres.read.1.tlog
C:\Users\Pascu\documents\visual studio 2012\Projects\CurveMatematiche\CurveMatematiche\Debug\link.3648-cvtres.write.1.tlog
C:\Users\Pascu\documents\visual studio 2012\Projects\CurveMatematiche\CurveMatematiche\Debug\link.3648-rc.read.1.tlog
C:\Users\Pascu\documents\visual studio 2012\Projects\CurveMatematiche\CurveMatematiche\Debug\link.3648-rc.write.1.tlog
C:\Users\Pascu\documents\visual studio 2012\Projects\CurveMatematiche\CurveMatematiche\Debug\link.3648.read.1.tlog
C:\Users\Pascu\documents\visual studio 2012\Projects\CurveMatematiche\CurveMatematiche\Debug\link.3648.read.2.tlog
C:\Users\Pascu\documents\visual studio 2012\Projects\CurveMatematiche\CurveMatematiche\Debug\link.3648.write.1.tlog
C:\Users\Pascu\documents\visual studio 2012\Projects\CurveMatematiche\CurveMatematiche\Debug\link.3952-cvtres.read.1.tlog
C:\Users\Pascu\documents\visual studio 2012\Projects\CurveMatematiche\CurveMatematiche\Debug\link.3952-cvtres.write.1.tlog
C:\Users\Pascu\documents\visual studio 2012\Projects\CurveMatematiche\CurveMatematiche\Debug\link.3952-rc.read.1.tlog
C:\Users\Pascu\documents\visual studio 2012\Projects\CurveMatematiche\CurveMatematiche\Debug\link.3952-rc.write.1.tlog
C:\Users\Pascu\documents\visual studio 2012\Projects\CurveMatematiche\CurveMatematiche\Debug\link.3952.read.1.tlog
C:\Users\Pascu\documents\visual studio 2012\Projects\CurveMatematiche\CurveMatematiche\Debug\link.3952.read.2.tlog
C:\Users\Pascu\documents\visual studio 2012\Projects\CurveMatematiche\CurveMatematiche\Debug\link.3952.write.1.tlog
C:\Users\Pascu\documents\visual studio 2012\Projects\CurveMatematiche\CurveMatematiche\Debug\link.448-cvtres.read.1.tlog
C:\Users\Pascu\documents\visual studio 2012\Projects\CurveMatematiche\CurveMatematiche\Debug\link.448-cvtres.write.1.tlog
C:\Users\Pascu\documents\visual studio 2012\Projects\CurveMatematiche\CurveMatematiche\Debug\link.448-rc.read.1.tlog
C:\Users\Pascu\documents\visual studio 2012\Projects\CurveMatematiche\CurveMatematiche\Debug\link.448-rc.write.1.tlog
C:\Users\Pascu\documents\visual studio 2012\Projects\CurveMatematiche\CurveMatematiche\Debug\link.448.read.1.tlog
C:\Users\Pascu\documents\visual studio 2012\Projects\CurveMatematiche\CurveMatematiche\Debug\link.448.read.2.tlog
C:\Users\Pascu\documents\visual studio 2012\Projects\CurveMatematiche\CurveMatematiche\Debug\link.448.write.1.tlog
C:\Users\Pascu\documents\visual studio 2012\Projects\CurveMatematiche\CurveMatematiche\Debug\link.5208-cvtres.read.1.tlog
C:\Users\Pascu\documents\visual studio 2012\Projects\CurveMatematiche\CurveMatematiche\Debug\link.5208-cvtres.write.1.tlog
C:\Users\Pascu\documents\visual studio 2012\Projects\CurveMatematiche\CurveMatematiche\Debug\link.5208-rc.read.1.tlog
C:\Users\Pascu\documents\visual studio 2012\Projects\CurveMatematiche\CurveMatematiche\Debug\link.5208-rc.write.1.tlog
C:\Users\Pascu\documents\visual studio 2012\Projects\CurveMatematiche\CurveMatematiche\Debug\link.5208.read.1.tlog
C:\Users\Pascu\documents\visual studio 2012\Projects\CurveMatematiche\CurveMatematiche\Debug\link.5208.read.2.tlog
C:\Users\Pascu\documents\visual studio 2012\Projects\CurveMatematiche\CurveMatematiche\Debug\link.5208.write.1.tlog
C:\Users\Pascu\documents\visual studio 2012\Projects\CurveMatematiche\CurveMatematiche\Debug\link.6096-cvtres.read.1.tlog
C:\Users\Pascu\documents\visual studio 2012\Projects\CurveMatematiche\CurveMatematiche\Debug\link.6096-cvtres.write.1.tlog
C:\Users\Pascu\documents\visual studio 2012\Projects\CurveMatematiche\CurveMatematiche\Debug\link.6096-rc.read.1.tlog
C:\Users\Pascu\documents\visual studio 2012\Projects\CurveMatematiche\CurveMatematiche\Debug\link.6096-rc.write.1.tlog
C:\Users\Pascu\documents\visual studio 2012\Projects\CurveMatematiche\CurveMatematiche\Debug\link.6096.read.1.tlog
C:\Users\Pascu\documents\visual studio 2012\Projects\CurveMatematiche\CurveMatematiche\Debug\link.6096.read.2.tlog
C:\Users\Pascu\documents\visual studio 2012\Projects\CurveMatematiche\CurveMatematiche\Debug\link.6096.write.1.tlog
C:\Users\Pascu\documents\visual studio 2012\Projects\CurveMatematiche\CurveMatematiche\Debug\link.6404-cvtres.read.1.tlog
C:\Users\Pascu\documents\visual studio 2012\Projects\CurveMatematiche\CurveMatematiche\Debug\link.6404-cvtres.write.1.tlog
C:\Users\Pascu\documents\visual studio 2012\Projects\CurveMatematiche\CurveMatematiche\Debug\link.6404-rc.read.1.tlog
C:\Users\Pascu\documents\visual studio 2012\Projects\CurveMatematiche\CurveMatematiche\Debug\link.6404-rc.write.1.tlog
C:\Users\Pascu\documents\visual studio 2012\Projects\CurveMatematiche\CurveMatematiche\Debug\link.6404.read.1.tlog
C:\Users\Pascu\documents\visual studio 2012\Projects\CurveMatematiche\CurveMatematiche\Debug\link.6404.read.2.tlog
C:\Users\Pascu\documents\visual studio 2012\Projects\CurveMatematiche\CurveMatematiche\Debug\link.6404.write.1.tlog
C:\Users\Pascu\documents\visual studio 2012\Projects\CurveMatematiche\CurveMatematiche\Debug\link.6896-cvtres.read.1.tlog
C:\Users\Pascu\documents\visual studio 2012\Projects\CurveMatematiche\CurveMatematiche\Debug\link.6896-cvtres.write.1.tlog
C:\Users\Pascu\documents\visual studio 2012\Projects\CurveMatematiche\CurveMatematiche\Debug\link.6896-rc.read.1.tlog
C:\Users\Pascu\documents\visual studio 2012\Projects\CurveMatematiche\CurveMatematiche\Debug\link.6896-rc.write.1.tlog
C:\Users\Pascu\documents\visual studio 2012\Projects\CurveMatematiche\CurveMatematiche\Debug\link.6896.read.1.tlog
C:\Users\Pascu\documents\visual studio 2012\Projects\CurveMatematiche\CurveMatematiche\Debug\link.6896.read.2.tlog
C:\Users\Pascu\documents\visual studio 2012\Projects\CurveMatematiche\CurveMatematiche\Debug\link.6896.write.1.tlog
C:\Users\Pascu\documents\visual studio 2012\Projects\CurveMatematiche\CurveMatematiche\Debug\link.command.1.tlog
C:\Users\Pascu\documents\visual studio 2012\Projects\CurveMatematiche\CurveMatematiche\Debug\link.read.1.tlog
C:\Users\Pascu\documents\visual studio 2012\Projects\CurveMatematiche\CurveMatematiche\Debug\link.read.2.tlog
C:\Users\Pascu\documents\visual studio 2012\Projects\CurveMatematiche\CurveMatematiche\Debug\link.write.1.tlog
C:\Users\Pascu\documents\visual studio 2012\Projects\CurveMatematiche\CurveMatematiche\Debug\vc110.idb
C:\Users\Pascu\documents\visual studio 2012\Projects\CurveMatematiche\CurveMatematiche\Debug\vc110.pdb
C:\Users\Pascu\documents\visual studio 2012\Projects\CurveMatematiche\Debug\CurveMatematiche.pdb
C:\Users\Pascu\documents\visual studio 2012\Projects\CurveMatematiche\Debug\CurveMatematiche.exe
C:\Users\Pascu\documents\visual studio 2012\Projects\CurveMatematiche\Debug\CurveMatematiche.ilk
